#
# There is insufficient memory for the Java Runtime Environment to continue.
# Native memory allocation (malloc) failed to allocate 1048576 bytes. Error detail: AllocateHeap
# Possible reasons:
#   The system is out of physical RAM or swap space
#   This process is running with CompressedOops enabled, and the Java Heap may be blocking the growth of the native heap
# Possible solutions:
#   Reduce memory load on the system
#   Increase physical memory or swap space
#   Check if swap backing store is full
#   Decrease Java heap size (-Xmx/-Xms)
#   Decrease number of Java threads
#   Decrease Java thread stack sizes (-Xss)
#   Set larger code cache with -XX:ReservedCodeCacheSize=
#   JVM is running with Unscaled Compressed Oops mode in which the Java heap is
#     placed in the first 4GB address space. The Java Heap base address is the
#     maximum limit for the native heap growth. Please use -XX:HeapBaseMinAddress
#     to set the Java Heap base and to place the Java Heap above 4GB virtual address.
# This output file may be truncated or incomplete.
#
#  Out of Memory Error (allocation.cpp:44), pid=14020, tid=12564
#
# JRE version:  (23.0.1+11) (build )
# Java VM: OpenJDK 64-Bit Server VM (23.0.1+11-39, mixed mode, emulated-client, sharing, tiered, compressed oops, compressed class ptrs, g1 gc, windows-amd64)
# No core dump will be written. Minidumps are not enabled by default on client versions of Windows
#

---------------  S U M M A R Y ------------

Command Line: -XX:TieredStopAtLevel=1 -Dspring.output.ansi.enabled=always -Dcom.sun.management.jmxremote -Dspring.jmx.enabled=true -Dspring.liveBeansView.mbeanDomain -Dspring.application.admin.enabled=true -Dmanagement.endpoints.jmx.exposure.include=* -javaagent:C:\Program Files\JetBrains\IntelliJ IDEA 2025.1.1.1\lib\idea_rt.jar=64477 -Dfile.encoding=UTF-8 -Dsun.stdout.encoding=UTF-8 -Dsun.stderr.encoding=UTF-8 com.cdw.cdw.CdwApplication

Host: Intel(R) Core(TM) i7-9750H CPU @ 2.60GHz, 12 cores, 7G,  Windows 11 , 64 bit Build 22621 (10.0.22621.5415)
Time: Sat Jun 21 03:02:21 2025 SE Asia Standard Time elapsed time: 0.033254 seconds (0d 0h 0m 0s)

---------------  T H R E A D  ---------------

Current thread (0x0000024ffa01f3c0):  JavaThread "Unknown thread" [_thread_in_vm, id=12564, stack(0x000000bd7f800000,0x000000bd7f900000) (1024K)]

Stack: [0x000000bd7f800000,0x000000bd7f900000]
Native frames: (J=compiled Java code, j=interpreted, Vv=VM code, C=native code)
V  [jvm.dll+0x6e08b9]  (no source info available)
V  [jvm.dll+0x87dc83]  (no source info available)
V  [jvm.dll+0x88010e]  (no source info available)
V  [jvm.dll+0x8807e3]  (no source info available)
V  [jvm.dll+0x27aee6]  (no source info available)
V  [jvm.dll+0xb6a17]  (no source info available)
V  [jvm.dll+0x331585]  (no source info available)
V  [jvm.dll+0x329641]  (no source info available)
V  [jvm.dll+0x844355]  (no source info available)
V  [jvm.dll+0x3b9848]  (no source info available)
V  [jvm.dll+0x82d14c]  (no source info available)
V  [jvm.dll+0x454d4e]  (no source info available)
V  [jvm.dll+0x456bd1]  (no source info available)
C  [jli.dll+0x52a3]  (no source info available)
C  [ucrtbase.dll+0x29333]  (no source info available)
C  [KERNEL32.DLL+0x1259d]  (no source info available)
C  [ntdll.dll+0x5af78]  (no source info available)

Lock stack of current Java thread (top to bottom):


---------------  P R O C E S S  ---------------

Threads class SMR info:
_java_thread_list=0x00007fff620e3618, length=0, elements={
}

Java Threads: ( => current thread )
Total: 0

Other Threads:
  0x0000024ffa076770 WorkerThread "GC Thread#0"                     [id=18632, stack(0x000000bd7f900000,0x000000bd7fa00000) (1024K)]

[error occurred during error reporting (printing all threads), id 0xc0000005, EXCEPTION_ACCESS_VIOLATION (0xc0000005) at pc=0x00007fff61826830]
VM state: not at safepoint (not fully initialized)

VM Mutex/Monitor currently owned by a thread:  ([mutex/lock_event])
[0x00007fff62163a10] Heap_lock - owner thread: 0x0000024ffa01f3c0

Heap address: 0x0000000082600000, size: 2010 MB, Compressed Oops mode: 32-bit

CDS archive(s) mapped at: [0x0000000000000000-0x0000000000000000-0x0000000000000000), size 0, SharedBaseAddress: 0x0000000800000000, ArchiveRelocationMode: 1.
Narrow klass base: 0x0000000000000000, Narrow klass shift: 0, Narrow klass range: 0x0

GC Precious Log:
 CardTable entry size: 512
 Card Set container configuration: InlinePtr #cards 5 size 8 Array Of Cards #cards 10 size 36 Howl #buckets 4 coarsen threshold 1843 Howl Bitmap #cards 512 size 80 coarsen threshold 460 Card regions per heap region 1 cards per card region 2048

Heap:
 garbage-first heap   total reserved 2058240K, committed 0K, used 0K [0x0000000082600000, 0x0000000100000000)
  region size 1024K, 0 young (0K), 0 survivors (0K)

[error occurred during error reporting (printing heap information), id 0xc0000005, EXCEPTION_ACCESS_VIOLATION (0xc0000005) at pc=0x00007fff61c2c3c9]
GC Heap History (0 events):
No events

Dll operation events (1 events):
Event: 0.027 Loaded shared library C:\Users\PC\.jdks\openjdk-23.0.1\bin\java.dll

Deoptimization events (0 events):
No events

Classes loaded (0 events):
No events

Classes unloaded (0 events):
No events

Classes redefined (0 events):
No events

Internal exceptions (0 events):
No events

VM Operations (0 events):
No events

Memory protections (0 events):
No events

Nmethod flushes (0 events):
No events

Events (0 events):
No events


Dynamic libraries:
0x00007ff6ac8e0000 - 0x00007ff6ac8ee000 	C:\Users\PC\.jdks\openjdk-23.0.1\bin\java.exe
0x00007fffde410000 - 0x00007fffde627000 	C:\WINDOWS\SYSTEM32\ntdll.dll
0x00007fffdd2f0000 - 0x00007fffdd3b4000 	C:\WINDOWS\System32\KERNEL32.DLL
0x00007fffdb830000 - 0x00007fffdbc02000 	C:\WINDOWS\System32\KERNELBASE.dll
0x00007fffdb710000 - 0x00007fffdb821000 	C:\WINDOWS\System32\ucrtbase.dll
0x00007fffb07b0000 - 0x00007fffb07cb000 	C:\Users\PC\.jdks\openjdk-23.0.1\bin\VCRUNTIME140.dll
0x00007fffcf280000 - 0x00007fffcf297000 	C:\Users\PC\.jdks\openjdk-23.0.1\bin\jli.dll
0x00007fffdc0a0000 - 0x00007fffdc251000 	C:\WINDOWS\System32\USER32.dll
0x00007fffc4980000 - 0x00007fffc4c1b000 	C:\WINDOWS\WinSxS\amd64_microsoft.windows.common-controls_6595b64144ccf1df_6.0.22621.5415_none_270d77d17387d7da\COMCTL32.dll
0x00007fffdbc10000 - 0x00007fffdbc36000 	C:\WINDOWS\System32\win32u.dll
0x00007fffdd5b0000 - 0x00007fffdd657000 	C:\WINDOWS\System32\msvcrt.dll
0x00007fffdd2c0000 - 0x00007fffdd2e9000 	C:\WINDOWS\System32\GDI32.dll
0x00007fffdbe30000 - 0x00007fffdbf53000 	C:\WINDOWS\System32\gdi32full.dll
0x00007fffdb500000 - 0x00007fffdb59a000 	C:\WINDOWS\System32\msvcp_win.dll
0x00007fffdd0e0000 - 0x00007fffdd111000 	C:\WINDOWS\System32\IMM32.DLL
0x00007fffbc590000 - 0x00007fffbc59c000 	C:\Users\PC\.jdks\openjdk-23.0.1\bin\vcruntime140_1.dll
0x00007fff9aa70000 - 0x00007fff9aafe000 	C:\Users\PC\.jdks\openjdk-23.0.1\bin\msvcp140.dll
0x00007fff614f0000 - 0x00007fff6223f000 	C:\Users\PC\.jdks\openjdk-23.0.1\bin\server\jvm.dll
0x00007fffdc4e0000 - 0x00007fffdc591000 	C:\WINDOWS\System32\ADVAPI32.dll
0x00007fffdd120000 - 0x00007fffdd1c8000 	C:\WINDOWS\System32\sechost.dll
0x00007fffdb6e0000 - 0x00007fffdb708000 	C:\WINDOWS\System32\bcrypt.dll
0x00007fffde040000 - 0x00007fffde154000 	C:\WINDOWS\System32\RPCRT4.dll
0x00007fffdc380000 - 0x00007fffdc3f1000 	C:\WINDOWS\System32\WS2_32.dll
0x00007fffda340000 - 0x00007fffda38d000 	C:\WINDOWS\SYSTEM32\POWRPROF.dll
0x00007fffc4c20000 - 0x00007fffc4c54000 	C:\WINDOWS\SYSTEM32\WINMM.dll
0x00007fffd66d0000 - 0x00007fffd66da000 	C:\WINDOWS\SYSTEM32\VERSION.dll
0x00007fffda320000 - 0x00007fffda333000 	C:\WINDOWS\SYSTEM32\UMPDC.dll
0x00007fffda580000 - 0x00007fffda598000 	C:\WINDOWS\SYSTEM32\kernel.appcore.dll
0x00007fffbc560000 - 0x00007fffbc56a000 	C:\Users\PC\.jdks\openjdk-23.0.1\bin\jimage.dll
0x00007fffc5740000 - 0x00007fffc5973000 	C:\WINDOWS\SYSTEM32\DBGHELP.DLL
0x00007fffdc5a0000 - 0x00007fffdc933000 	C:\WINDOWS\System32\combase.dll
0x00007fffdc400000 - 0x00007fffdc4d7000 	C:\WINDOWS\System32\OLEAUT32.dll
0x00007fffb51f0000 - 0x00007fffb5222000 	C:\WINDOWS\SYSTEM32\dbgcore.DLL
0x00007fffdc020000 - 0x00007fffdc09b000 	C:\WINDOWS\System32\bcryptPrimitives.dll
0x00007fffbaa20000 - 0x00007fffbaa2f000 	C:\Users\PC\.jdks\openjdk-23.0.1\bin\instrument.dll
0x00007fffb0790000 - 0x00007fffb07ae000 	C:\Users\PC\.jdks\openjdk-23.0.1\bin\java.dll
0x00007fffdcaa0000 - 0x00007fffdcc40000 	C:\WINDOWS\System32\ole32.dll
0x00007fffdd790000 - 0x00007fffde032000 	C:\WINDOWS\System32\SHELL32.dll
0x00007fffdb5a0000 - 0x00007fffdb6df000 	C:\WINDOWS\System32\wintypes.dll

dbghelp: loaded successfully - version: 4.0.5 - missing functions: none
symbol engine: initialized successfully - sym options: 0x614 - pdb path: .;C:\Users\PC\.jdks\openjdk-23.0.1\bin;C:\WINDOWS\SYSTEM32;C:\WINDOWS\WinSxS\amd64_microsoft.windows.common-controls_6595b64144ccf1df_6.0.22621.5415_none_270d77d17387d7da;C:\Users\PC\.jdks\openjdk-23.0.1\bin\server

VM Arguments:
jvm_args: -XX:TieredStopAtLevel=1 -Dspring.output.ansi.enabled=always -Dcom.sun.management.jmxremote -Dspring.jmx.enabled=true -Dspring.liveBeansView.mbeanDomain -Dspring.application.admin.enabled=true -Dmanagement.endpoints.jmx.exposure.include=* -javaagent:C:\Program Files\JetBrains\IntelliJ IDEA 2025.1.1.1\lib\idea_rt.jar=64477 -Dfile.encoding=UTF-8 -Dsun.stdout.encoding=UTF-8 -Dsun.stderr.encoding=UTF-8 
java_command: com.cdw.cdw.CdwApplication
java_class_path (initial): E:\BE\target\classes;C:\Users\PC\.m2\repository\org\springframework\boot\spring-boot-starter-data-jpa\3.4.4\spring-boot-starter-data-jpa-3.4.4.jar;C:\Users\PC\.m2\repository\org\springframework\boot\spring-boot-starter\3.4.4\spring-boot-starter-3.4.4.jar;C:\Users\PC\.m2\repository\org\springframework\boot\spring-boot\3.4.4\spring-boot-3.4.4.jar;C:\Users\PC\.m2\repository\org\springframework\boot\spring-boot-autoconfigure\3.4.4\spring-boot-autoconfigure-3.4.4.jar;C:\Users\PC\.m2\repository\org\springframework\boot\spring-boot-starter-logging\3.4.4\spring-boot-starter-logging-3.4.4.jar;C:\Users\PC\.m2\repository\ch\qos\logback\logback-classic\1.5.18\logback-classic-1.5.18.jar;C:\Users\PC\.m2\repository\ch\qos\logback\logback-core\1.5.18\logback-core-1.5.18.jar;C:\Users\PC\.m2\repository\org\apache\logging\log4j\log4j-to-slf4j\2.24.3\log4j-to-slf4j-2.24.3.jar;C:\Users\PC\.m2\repository\org\apache\logging\log4j\log4j-api\2.24.3\log4j-api-2.24.3.jar;C:\Users\PC\.m2\repository\org\slf4j\jul-to-slf4j\2.0.17\jul-to-slf4j-2.0.17.jar;C:\Users\PC\.m2\repository\jakarta\annotation\jakarta.annotation-api\2.1.1\jakarta.annotation-api-2.1.1.jar;C:\Users\PC\.m2\repository\org\yaml\snakeyaml\2.3\snakeyaml-2.3.jar;C:\Users\PC\.m2\repository\org\springframework\boot\spring-boot-starter-jdbc\3.4.4\spring-boot-starter-jdbc-3.4.4.jar;C:\Users\PC\.m2\repository\com\zaxxer\HikariCP\5.1.0\HikariCP-5.1.0.jar;C:\Users\PC\.m2\repository\org\springframework\spring-jdbc\6.2.5\spring-jdbc-6.2.5.jar;C:\Users\PC\.m2\repository\org\hibernate\orm\hibernate-core\6.6.11.Final\hibernate-core-6.6.11.Final.jar;C:\Users\PC\.m2\repository\jakarta\persistence\jakarta.persistence-api\3.1.0\jakarta.persistence-api-3.1.0.jar;C:\Users\PC\.m2\repository\jakarta\transaction\jakarta.transaction-api\2.0.1\jakarta.transaction-api-2.0.1.jar;C:\Users\PC\.m2\repository\org\jboss\logging\jboss-logging\3.6.1.Final\jboss-logging-3.6.1.Final.jar;C:\Users\PC\.m2\repository\org\hibernate\common\hibernate-commons-annotations\7.0.3.Final\hibernate-commons-annotations-7.0.3.Final.jar;C:\Users\PC\.m2\repository\io\smallrye\jandex\3.2.0\jandex-3.2.0.jar;C:\Users\PC\.m2\repository\com\fasterxml\classmate\1.7.0\classmate-1.7.0.jar;C:\Users\PC\.m2\repository\net\bytebuddy\byte-buddy\1.15.11\byte-buddy-1.15.11.jar;C:\Users\PC\.m2\repository\org\glassfish\jaxb\jaxb-runtime\4.0.5\jaxb-runtime-4.0.5.jar;C:\Users\PC\.m2\repository\org\glassfish\jaxb\jaxb-core\4.0.5\jaxb-core-4.0.5.jar;C:\Users\PC\.m2\repository\org\glassfish\jaxb\txw2\4.0.5\txw2-4.0.5.jar;C:\Users\PC\.m2\repository\com\sun\istack\istack-commons-runtime\4.1.2\istack-commons-runtime-4.1.2.jar;C:\Users\PC\.m2\repository\jakarta\inject\jakarta.inject-api\2.0.1\jakarta.inject-api-2.0.1.jar;C:\Users\PC\.m2\repository\org\antlr\antlr4-runtime\4.13.0\antlr4-runtime-4.13.0.jar;C:\Users\PC\.m2\repository\org\springframework\data\spring-data-jpa\3.4.4\spring-data-jpa-3.4.4.jar;C:\Users\PC\.m2\repository\org\springframework\data\spring-data-commons\3.4.4\spring-data-commons-3.4.4.jar;C:\Users\PC\.m2\repository\org\springframework\spring-orm\6.2.5\spring-orm-6.2.5.jar;C:\Users\PC\.m2\repository\org\springframework\spring-context\6.2.5\spring-context-6.2.5.jar;C:\Users\PC\.m2\repository\org\springframework\spring-tx\6.2.5\spring-tx-6.2.5.jar;C:\Users\PC\.m2\repository\org\springframework\spring-beans\6.2.5\spring-beans-6.2.5.jar;C:\Users\PC\.m2\repository\org\slf4j\slf4j-api\2.0.17\slf4j-api-2.0.17.jar;C:\Users\PC\.m2\repository\org\springframework\spring-aspects\6.2.5\spring-aspects-6.2.5.jar;C:\Users\PC\.m2\repository\org\aspectj\aspectjweaver\1.9.23\aspectjweaver-1.9.23.jar;C:\Users\PC\.m2\repository\org\springframework\boot\spring-boot-starter-web\3.4.4\spring-boot-starter-web-3.4.4.jar;C:\Users\PC\.m2\repository\org\springframework\boot\spring-boot-starter-json\3.4.4\spring-boot-starter-json-3.4.4.jar;C:\Users\PC\.m2\repository\com\fasterxml\jackson\datatype\jackson-datatype-jdk8\2.18.3\jackson-datatype-jdk8-2.18.3.jar;C:\Users\PC\.m2\repository\com\fasterxml\jackson\datatype\jackson-datatype-jsr310\2.18.3\jackson-datatype-jsr310-2.18.3.jar;C:\Users\PC\.m2\repository\com\fasterxml\jackson\module\jackson-module-parameter-names\2.18.3\jackson-module-parameter-names-2.18.3.jar;C:\Users\PC\.m2\repository\org\springframework\boot\spring-boot-starter-tomcat\3.4.4\spring-boot-starter-tomcat-3.4.4.jar;C:\Users\PC\.m2\repository\org\apache\tomcat\embed\tomcat-embed-core\10.1.39\tomcat-embed-core-10.1.39.jar;C:\Users\PC\.m2\repository\org\apache\tomcat\embed\tomcat-embed-websocket\10.1.39\tomcat-embed-websocket-10.1.39.jar;C:\Users\PC\.m2\repository\org\springframework\spring-web\6.2.5\spring-web-6.2.5.jar;C:\Users\PC\.m2\repository\io\micrometer\micrometer-observation\1.14.5\micrometer-observation-1.14.5.jar;C:\Users\PC\.m2\repository\io\micrometer\micrometer-commons\1.14.5\micrometer-commons-1.14.5.jar;C:\Users\PC\.m2\repository\org\springframework\spring-webmvc\6.2.5\spring-webmvc-6.2.5.jar;C:\Users\PC\.m2\repository\org\springframework\spring-expression\6.2.5\spring-expression-6.2.5.jar;C:\Users\PC\.m2\repository\org\springframework\boot\spring-boot-starter-validation\3.4.4\spring-boot-starter-validation-3.4.4.jar;C:\Users\PC\.m2\repository\org\apache\tomcat\embed\tomcat-embed-el\10.1.39\tomcat-embed-el-10.1.39.jar;C:\Users\PC\.m2\repository\org\hibernate\validator\hibernate-validator\8.0.2.Final\hibernate-validator-8.0.2.Final.jar;C:\Users\PC\.m2\repository\jakarta\validation\jakarta.validation-api\3.0.2\jakarta.validation-api-3.0.2.jar;C:\Users\PC\.m2\repository\com\mysql\mysql-connector-j\9.1.0\mysql-connector-j-9.1.0.jar;C:\Users\PC\.m2\repository\org\projectlombok\lombok\1.18.36\lombok-1.18.36.jar;C:\Users\PC\.m2\repository\org\mapstruct\mapstruct\1.5.5.Final\mapstruct-1.5.5.Final.jar;C:\Users\PC\.m2\repository\jakarta\xml\bind\jakarta.xml.bind-api\4.0.2\jakarta.xml.bind-api-4.0.2.jar;C:\Users\PC\.m2\repository\jakarta\activation\jakarta.activation-api\2.1.3\jakarta.activation-api-2.1.3.jar;C:\Users\PC\.m2\repository\net\minidev\json-smart\2.5.2\json-smart-2.5.2.jar;C:\Users\PC\.m2\repository\net\minidev\accessors-smart\2.5.2\accessors-smart-2.5.2.jar;C:\Users\PC\.m2\repository\org\ow2\asm\asm\9.7.1\asm-9.7.1.jar;C:\Users\PC\.m2\repository\org\springframework\spring-core\6.2.5\spring-core-6.2.5.jar;C:\Users\PC\.m2\repository\org\springframework\spring-jcl\6.2.5\spring-jcl-6.2.5.jar;C:\Users\PC\.m2\repository\org\springframework\security\spring-security-crypto\6.4.4\spring-security-crypto-6.4.4.jar;C:\Users\PC\.m2\repository\org\springframework\boot\spring-boot-starter-oauth2-resource-server\3.4.4\spring-boot-starter-oauth2-resource-server-3.4.4.jar;C:\Users\PC\.m2\repository\org\springframework\security\spring-security-config\6.4.4\spring-security-config-6.4.4.jar;C:\Users\PC\.m2\repository\org\springframework\security\spring-security-core\6.4.4\spring-security-core-6.4.4.jar;C:\Users\PC\.m2\repository\org\springframework\security\spring-security-oauth2-resource-server\6.4.4\spring-security-oauth2-resource-server-6.4.4.jar;C:\Users\PC\.m2\repository\org\springframework\security\spring-security-oauth2-core\6.4.4\spring-security-oauth2-core-6.4.4.jar;C:\Users\PC\.m2\repository\org\springframework\security\spring-security-oauth2-jose\6.4.4\spring-security-oauth2-jose-6.4.4.jar;C:\Users\PC\.m2\repository\com\nimbusds\nimbus-jose-jwt\9.37.3\nimbus-jose-jwt-9.37.3.jar;C:\Users\PC\.m2\repository\com\github\stephenc\jcip\jcip-annotations\1.0-1\jcip-annotations-1.0-1.jar;C:\Users\PC\.m2\repository\org\springframework\boot\spring-boot-starter-security\3.4.4\spring-boot-starter-security-3.4.4.jar;C:\Users\PC\.m2\repository\org\springframework\spring-aop\6.2.5\spring-aop-6.2.5.jar;C:\Users\PC\.m2\repository\org\springframework\security\spring-security-web\6.4.4\spring-security-web-6.4.4.jar;C:\Users\PC\.m2\repository\org\springframework\boot\spring-boot-starter-mail\3.4.4\spring-boot-starter-mail-3.4.4.jar;C:\Users\PC\.m2\repository\org\springframework\spring-context-support\6.2.5\spring-context-support-6.2.5.jar;C:\Users\PC\.m2\repository\org\eclipse\angus\jakarta.mail\2.0.3\jakarta.mail-2.0.3.jar;C:\Users\PC\.m2\repository\org\eclipse\angus\angus-activation\2.0.2\angus-activation-2.0.2.jar;C:\Users\PC\.m2\repository\org\springframework\boot\spring-boot-starter-thymeleaf\3.4.4\spring-boot-starter-thymeleaf-3.4.4.jar;C:\Users\PC\.m2\repository\org\thymeleaf\thymeleaf-spring6\3.1.3.RELEASE\thymeleaf-spring6-3.1.3.RELEASE.jar;C:\Users\PC\.m2\repository\org\thymeleaf\thymeleaf\3.1.3.RELEASE\thymeleaf-3.1.3.RELEASE.jar;C:\Users\PC\.m2\repository\org\attoparser\attoparser\2.0.7.RELEASE\attoparser-2.0.7.RELEASE.jar;C:\Users\PC\.m2\repository\org\unbescape\unbescape\1.1.6.RELEASE\unbescape-1.1.6.RELEASE.jar;C:\Users\PC\.m2\repository\io\jsonwebtoken\jjwt-api\0.11.5\jjwt-api-0.11.5.jar;C:\Users\PC\.m2\repository\io\jsonwebtoken\jjwt-impl\0.11.5\jjwt-impl-0.11.5.jar;C:\Users\PC\.m2\repository\io\jsonwebtoken\jjwt-jackson\0.11.5\jjwt-jackson-0.11.5.jar;C:\Users\PC\.m2\repository\com\fasterxml\jackson\core\jackson-databind\2.18.3\jackson-databind-2.18.3.jar;C:\Users\PC\.m2\repository\com\fasterxml\jackson\core\jackson-annotations\2.18.3\jackson-annotations-2.18.3.jar;C:\Users\PC\.m2\repository\com\fasterxml\jackson\core\jackson-core\2.18.3\jackson-core-2.18.3.jar;C:\Users\PC\.m2\repository\org\springframework\boot\spring-boot-starter-data-elasticsearch\3.4.4\spring-boot-starter-data-elasticsearch-3.4.4.jar;C:\Users\PC\.m2\repository\org\springframework\data\spring-data-elasticsearch\5.4.4\spring-data-elasticsearch-5.4.4.jar;C:\Users\PC\.m2\repository\co\elastic\clients\elasticsearch-java\8.15.5\elasticsearch-java-8.15.5.jar;C:\Users\PC\.m2\repository\org\elasticsearch\client\elasticsearch-rest-client\8.15.5\elasticsearch-rest-client-8.15.5.jar;C:\Users\PC\.m2\repository\org\apache\httpcomponents\httpclient\4.5.14\httpclient-4.5.14.jar;C:\Users\PC\.m2\repository\org\apache\httpcomponents\httpcore\4.4.16\httpcore-4.4.16.jar;C:\Users\PC\.m2\repository\org\apache\httpcomponents\httpasyncclient\4.1.5\httpasyncclient-4.1.5.jar;C:\Users\PC\.m2\repository\org\apache\httpcomponents\httpcore-nio\4.4.16\httpcore-nio-4.4.16.jar;C:\Users\PC\.m2\repository\commons-codec\commons-codec\1.17.2\commons-codec-1.17.2.jar;C:\Users\PC\.m2\repository\com\google\code\findbugs\jsr305\3.0.2\jsr305-3.0.2.jar;C:\Users\PC\.m2\repository\jakarta\json\jakarta.json-api\2.1.3\jakarta.json-api-2.1.3.jar;C:\Users\PC\.m2\repository\org\eclipse\parsson\parsson\1.0.5\parsson-1.0.5.jar;C:\Users\PC\.m2\repository\io\opentelemetry\opentelemetry-api\1.43.0\opentelemetry-api-1.43.0.jar;C:\Users\PC\.m2\repository\io\opentelemetry\opentelemetry-context\1.43.0\opentelemetry-context-1.43.0.jar;C:\Users\PC\.m2\repository\org\springframework\boot\spring-boot-starter-oauth2-client\3.4.4\spring-boot-starter-oauth2-client-3.4.4.jar;C:\Users\PC\.m2\repository\org\springframework\security\spring-security-oauth2-client\6.4.4\spring-security-oauth2-client-6.4.4.jar;C:\Users\PC\.m2\repository\com\nimbusds\oauth2-oidc-sdk\9.43.6\oauth2-oidc-sdk-9.43.6.jar;C:\Users\PC\.m2\repository\com\nimbusds\content-type\2.2\content-type-2.2.jar;C:\Users\PC\.m2\repository\com\nimbusds\lang-tag\1.7\lang-tag-1.7.jar;C:\Users\PC\.m2\repository\org\springframework\boot\spring-boot-starter-websocket\3.4.4\spring-boot-starter-websocket-3.4.4.jar;C:\Users\PC\.m2\repository\org\springframework\spring-messaging\6.2.5\spring-messaging-6.2.5.jar;C:\Users\PC\.m2\repository\org\springframework\spring-websocket\6.2.5\spring-websocket-6.2.5.jar
Launcher Type: SUN_STANDARD

[Global flags]
     intx CICompilerCount                          = 4                                         {product} {ergonomic}
     uint ConcGCThreads                            = 3                                         {product} {ergonomic}
     uint G1ConcRefinementThreads                  = 10                                        {product} {ergonomic}
   size_t G1HeapRegionSize                         = 1048576                                   {product} {ergonomic}
   size_t InitialHeapSize                          = 132120576                                 {product} {ergonomic}
     bool ManagementServer                         = true                                      {product} {command line}
   size_t MarkStackSize                            = 4194304                                   {product} {ergonomic}
   size_t MarkStackSizeMax                         = 536870912                                 {product} {ergonomic}
   size_t MaxHeapSize                              = 2107637760                                {product} {ergonomic}
   size_t MinHeapDeltaBytes                        = 1048576                                   {product} {ergonomic}
   size_t MinHeapSize                              = 8388608                                   {product} {ergonomic}
    uintx NonNMethodCodeHeapSize                   = 4096                                   {pd product} {ergonomic}
    uintx NonProfiledCodeHeapSize                  = 0                                      {pd product} {ergonomic}
     bool ProfileInterpreter                       = false                                  {pd product} {command line}
    uintx ProfiledCodeHeapSize                     = 0                                      {pd product} {ergonomic}
   size_t SoftMaxHeapSize                          = 2107637760                             {manageable} {ergonomic}
     intx TieredStopAtLevel                        = 1                                         {product} {command line}
     bool UseCompressedOops                        = true                           {product lp64_product} {ergonomic}
     bool UseG1GC                                  = true                                      {product} {ergonomic}
     bool UseLargePagesIndividualAllocation        = false                                  {pd product} {ergonomic}

Logging:
Log output configuration:
 #0: stdout all=warning uptime,level,tags foldmultilines=false
 #1: stderr all=off uptime,level,tags foldmultilines=false

Environment Variables:
JAVA_HOME=C:\Program Files\Java\jdk-17
PATH=C:\Program Files\Common Files\Oracle\Java\javapath;C:\Program Files (x86)\Common Files\Oracle\Java\java8path;C:\Program Files (x86)\Common Files\Oracle\Java\javapath;C:\WINDOWS\system32;C:\WINDOWS;C:\WINDOWS\System32\Wbem;C:\WINDOWS\System32\WindowsPowerShell\v1.0\;C:\WINDOWS\System32\OpenSSH\;C:\Program Files\Git\cmd;C:\Program Files\nodejs\;C:\Program Files\Docker\Docker\resources\bin;C:\Program Files\Java\jdk-17\bin;C:\Program Files (x86)\Microsoft SQL Server\160\Tools\Binn\;C:\Program Files\Microsoft SQL Server\160\Tools\Binn\;C:\Program Files\Microsoft SQL Server\Client SDK\ODBC\170\Tools\Binn\;C:\Program Files\Microsoft SQL Server\160\DTS\Binn\;C:\Program Files (x86)\Microsoft SQL Server\160\DTS\Binn\;E:\apache-maven-3.9.9\bin;C:\Users\PC\AppData\Local\Programs\Python\Python313\;C:\Users\PC\AppData\Local\Programs\Python\Launcher\;C:\Users\PC\AppData\Local\Microsoft\WindowsApps;C:\Users\PC\AppData\Local\GitHubDesktop\bin;C:\Users\PC\AppData\Roaming\npm;E:\Microsoft VS Code\bin;D:\IntelliJ IDEA 2023.3.4\bin;;;E:\PyCharm 2025.1.1.1\bin;
USERNAME=PC
OS=Windows_NT
PROCESSOR_IDENTIFIER=Intel64 Family 6 Model 158 Stepping 13, GenuineIntel
TMP=C:\Users\PC\AppData\Local\Temp
TEMP=C:\Users\PC\AppData\Local\Temp




Periodic native trim disabled

---------------  S Y S T E M  ---------------

OS:
 Windows 11 , 64 bit Build 22621 (10.0.22621.5415)
OS uptime: 0 days 7:27 hours
Hyper-V role detected

CPU: total 12 (initial active 12) (6 cores per cpu, 2 threads per core) family 6 model 158 stepping 13 microcode 0xde, cx8, cmov, fxsr, ht, mmx, 3dnowpref, sse, sse2, sse3, ssse3, sse4.1, sse4.2, popcnt, lzcnt, tsc, tscinvbit, avx, avx2, aes, erms, clmul, bmi1, bmi2, adx, fma, vzeroupper, clflush, clflushopt, hv, rdtscp, f16c
Processor Information for the first 12 processors :
  Max Mhz: 2601, Current Mhz: 2600, Mhz Limit: 2574

Memory: 4k page, system-wide physical 8035M (361M free)
TotalPageFile size 24412M (AvailPageFile size 74M)
current process WorkingSet (physical memory assigned to process): 12M, peak: 12M
current process commit charge ("private bytes"): 57M, peak: 58M

vm_info: OpenJDK 64-Bit Server VM (23.0.1+11-39) for windows-amd64 JRE (23.0.1+11-39), built on 2024-09-30T07:20:43Z with MS VC++ 17.6 (VS2022)

END.
